<?xml version="1.0" encoding="UTF-8"?>
<!-- Generated by org.testng.reporters.JUnitReportReporter -->
<testsuite hostname="LAPTOP-9GOUM9I2" failures="0" tests="7" name="test.LoginTest" time="2.826" errors="0" timestamp="2023-12-26T01:48:55 IST" skipped="6">
  <testcase classname="test.LoginTest" name="loginTest7" time="2.826"/>
  <testcase classname="test.LoginTest" name="LGN006">
    <skipped/>
  </testcase> <!-- LGN006 -->
  <testcase classname="test.LoginTest" name="LGN005">
    <skipped/>
  </testcase> <!-- LGN005 -->
  <testcase classname="test.LoginTest" name="verifyTitle">
    <skipped/>
  </testcase> <!-- verifyTitle -->
  <testcase classname="test.LoginTest" name="LGN002">
    <skipped/>
  </testcase> <!-- LGN002 -->
  <testcase classname="test.LoginTest" name="LGN004">
    <skipped/>
  </testcase> <!-- LGN004 -->
  <testcase classname="test.LoginTest" name="LGN003">
    <skipped/>
  </testcase> <!-- LGN003 -->
</testsuite> <!-- test.LoginTest -->
