<?xml version="1.0" encoding="UTF-8"?>
<!-- Generated by org.testng.reporters.JUnitReportReporter -->
<testsuite hostname="LAPTOP-9GOUM9I2" failures="0" tests="10" name="test.DashboardTest" time="20.200" errors="0" timestamp="2023-12-26T01:48:55 IST" skipped="0">
  <testcase classname="test.DashboardTest" name="verifyDashboardTitle" time="4.073"/>
  <testcase classname="test.DashboardTest" name="userDropDown" time="0.320"/>
  <testcase classname="test.DashboardTest" name="userDropDownSupport" time="1.004"/>
  <testcase classname="test.DashboardTest" name="VerifyMyActions1" time="3.694"/>
  <testcase classname="test.DashboardTest" name="VerifyMyActions2" time="3.855"/>
  <testcase classname="test.DashboardTest" name="VerifyTimeAtWork" time="1.505"/>
  <testcase classname="test.DashboardTest" name="VerifyAssignLeaveQL" time="1.296"/>
  <testcase classname="test.DashboardTest" name="VerifyLeaveList" time="1.303"/>
  <testcase classname="test.DashboardTest" name="VerifyApplyLeave" time="1.470"/>
  <testcase classname="test.DashboardTest" name="VerifyTimesheet" time="1.680"/>
</testsuite> <!-- test.DashboardTest -->
